0 info it worked if it ends with ok
1 verbose cli [ 'C:\\Program Files\\nodejs\\node.exe',
1 verbose cli   'C:\\Program Files\\nodejs\\node_modules\\npm\\bin\\npm-cli.js',
1 verbose cli   'run',
1 verbose cli   'lint:css' ]
2 info using npm@3.10.10
3 info using node@v6.11.2
4 verbose run-script [ 'prelint:css', 'lint:css', 'postlint:css' ]
5 info lifecycle epam-jsa-black-pearl@1.0.0~prelint:css: epam-jsa-black-pearl@1.0.0
6 silly lifecycle epam-jsa-black-pearl@1.0.0~prelint:css: no script for prelint:css, continuing
7 info lifecycle epam-jsa-black-pearl@1.0.0~lint:css: epam-jsa-black-pearl@1.0.0
8 verbose lifecycle epam-jsa-black-pearl@1.0.0~lint:css: unsafe-perm in lifecycle true
9 verbose lifecycle epam-jsa-black-pearl@1.0.0~lint:css: PATH: C:\Program Files\nodejs\node_modules\npm\bin\node-gyp-bin;C:\Users\Alfred_Wei\Desktop\epam-jsa-black-pearl\node_modules\.bin;C:\Users\Alfred_Wei\bin;C:\Program Files\Git\mingw64\bin;C:\Program Files\Git\usr\local\bin;C:\Program Files\Git\usr\bin;C:\Program Files\Git\usr\bin;C:\Program Files\Git\mingw64\bin;C:\Program Files\Git\usr\bin;C:\Users\Alfred_Wei\bin;C:\WINDOWS\system32;C:\WINDOWS;C:\WINDOWS\System32\Wbem;C:\WINDOWS\System32\WindowsPowerShell\v1.0;C:\Program Files\nodejs;C:\Program Files\MongoDB\Server\3.4\bin;C:\Program Files\Git\cmd;C:\Program Files\Microsoft VS Code\bin;C:\Users\Alfred_Wei\AppData\Roaming\npm;C:\Program Files\MongoDB\Server\3.4\bin;C:\Program Files\Heroku\bin;C:\Program Files\Git\usr\bin\vendor_perl;C:\Program Files\Git\usr\bin\core_perl
10 verbose lifecycle epam-jsa-black-pearl@1.0.0~lint:css: CWD: C:\Users\Alfred_Wei\Desktop\epam-jsa-black-pearl
11 silly lifecycle epam-jsa-black-pearl@1.0.0~lint:css: Args: [ '/d /s /c', 'stylelint src/client/**/*.scss --colors' ]
12 silly lifecycle epam-jsa-black-pearl@1.0.0~lint:css: Returned: code: 2  signal: null
13 info lifecycle epam-jsa-black-pearl@1.0.0~lint:css: Failed to exec lint:css script
14 verbose stack Error: epam-jsa-black-pearl@1.0.0 lint:css: `stylelint src/client/**/*.scss --colors`
14 verbose stack Exit status 2
14 verbose stack     at EventEmitter.<anonymous> (C:\Program Files\nodejs\node_modules\npm\lib\utils\lifecycle.js:255:16)
14 verbose stack     at emitTwo (events.js:106:13)
14 verbose stack     at EventEmitter.emit (events.js:191:7)
14 verbose stack     at ChildProcess.<anonymous> (C:\Program Files\nodejs\node_modules\npm\lib\utils\spawn.js:40:14)
14 verbose stack     at emitTwo (events.js:106:13)
14 verbose stack     at ChildProcess.emit (events.js:191:7)
14 verbose stack     at maybeClose (internal/child_process.js:891:16)
14 verbose stack     at Process.ChildProcess._handle.onexit (internal/child_process.js:226:5)
15 verbose pkgid epam-jsa-black-pearl@1.0.0
16 verbose cwd C:\Users\Alfred_Wei\Desktop\epam-jsa-black-pearl
17 error Windows_NT 10.0.10586
18 error argv "C:\\Program Files\\nodejs\\node.exe" "C:\\Program Files\\nodejs\\node_modules\\npm\\bin\\npm-cli.js" "run" "lint:css"
19 error node v6.11.2
20 error npm  v3.10.10
21 error code ELIFECYCLE
22 error epam-jsa-black-pearl@1.0.0 lint:css: `stylelint src/client/**/*.scss --colors`
22 error Exit status 2
23 error Failed at the epam-jsa-black-pearl@1.0.0 lint:css script 'stylelint src/client/**/*.scss --colors'.
23 error Make sure you have the latest version of node.js and npm installed.
23 error If you do, this is most likely a problem with the epam-jsa-black-pearl package,
23 error not with npm itself.
23 error Tell the author that this fails on your system:
23 error     stylelint src/client/**/*.scss --colors
23 error You can get information on how to open an issue for this project with:
23 error     npm bugs epam-jsa-black-pearl
23 error Or if that isn't available, you can get their info via:
23 error     npm owner ls epam-jsa-black-pearl
23 error There is likely additional logging output above.
24 verbose exit [ 1, true ]
